[35m[1mScanning dependencies of target camera_lidar_fusion[0m
[  0%] Built target std_msgs_generate_messages_cpp
[  0%] Built target std_msgs_generate_messages_py
[  0%] Built target std_msgs_generate_messages_nodejs
[  0%] Built target std_msgs_generate_messages_eus
[  0%] Built target std_msgs_generate_messages_lisp
[ 11%] [32mBuilding CXX object CMakeFiles/camera_lidar_fusion.dir/src/camera_lidar_fusion.cpp.o[0m
[ 11%] Built target _camera_lidar_fusion_generate_messages_check_deps_LabeledPointArray
[ 22%] Built target camera_lidar_fusion_generate_messages_nodejs
[ 44%] Built target camera_lidar_fusion_generate_messages_cpp
[ 55%] Built target camera_lidar_fusion_generate_messages_py
[ 77%] Built target camera_lidar_fusion_generate_messages_eus
[ 88%] Built target camera_lidar_fusion_generate_messages_lisp
[ 88%] Built target camera_lidar_fusion_generate_messages
[01m[K/home/dl/vision_ws/src/camera_lidar_fusion/src/camera_lidar_fusion.cpp:[m[K In function ‘[01m[Kvoid calculate_dis(const std::vector<std::tuple<double, double> >&, const std::vector<camp>&, int, int, int, double)[m[K’:
[01m[K/home/dl/vision_ws/src/camera_lidar_fusion/src/camera_lidar_fusion.cpp:96:14:[m[K [01;35m[Kwarning: [m[Kstructured bindings only available with ‘[01m[K-std=c++17[m[K’ or ‘[01m[K-std=gnu++17[m[K’
   96 |         auto [01;35m[K[[m[Klidar_x, lidar_y] = lidar[i];
      |              [01;35m[K^[m[K
[100%] [32m[1mLinking CXX executable /home/dl/vision_ws/devel/.private/camera_lidar_fusion/lib/camera_lidar_fusion/camera_lidar_fusion[0m
[100%] Built target camera_lidar_fusion
