[  0%] Built target _camera_lidar_fusion_generate_messages_check_deps_ControlCommand
[  0%] Built target _camera_lidar_fusion_generate_messages_check_deps_Mission
[  0%] Built target _camera_lidar_fusion_generate_messages_check_deps_Map
[  0%] Built target _camera_lidar_fusion_generate_messages_check_deps_CarState
[  0%] Built target _camera_lidar_fusion_generate_messages_check_deps_Cone
[  0%] Built target _camera_lidar_fusion_generate_messages_check_deps_LabeledPointArray
[  0%] Built target std_msgs_generate_messages_cpp
[  0%] Built target _camera_lidar_fusion_generate_messages_check_deps_ConeDetections
[  0%] Built target geometry_msgs_generate_messages_cpp
[  0%] Built target geometry_msgs_generate_messages_py
[  0%] Built target std_msgs_generate_messages_py
[  0%] Built target _camera_lidar_fusion_generate_messages_check_deps_CarStateDt
[  0%] Built target std_msgs_generate_messages_nodejs
[  0%] Built target geometry_msgs_generate_messages_nodejs
[  0%] Built target geometry_msgs_generate_messages_lisp
[  0%] Built target std_msgs_generate_messages_lisp
[  0%] Built target geometry_msgs_generate_messages_eus
[  0%] Built target std_msgs_generate_messages_eus
[  4%] Built target camera_lidar_fusion
[ 22%] Built target camera_lidar_fusion_generate_messages_cpp
[ 43%] Built target camera_lidar_fusion_generate_messages_py
[ 61%] Built target camera_lidar_fusion_generate_messages_nodejs
[100%] Built target camera_lidar_fusion_generate_messages_lisp
[100%] Built target camera_lidar_fusion_generate_messages_eus
[100%] Built target camera_lidar_fusion_generate_messages
