In file included from [01m[K/opt/ros/noetic/include/ros/ros.h:40[m[K,
                 from [01m[K/home/dl/vision_ws/src/camera_lidar_fusion/src/camera_lidar_fusion.cpp:1[m[K:
[01m[K/home/dl/vision_ws/src/camera_lidar_fusion/src/camera_lidar_fusion.cpp:[m[K In function ‘[01m[Kint main(int, char**)[m[K’:
[01m[K/home/dl/vision_ws/src/camera_lidar_fusion/src/camera_lidar_fusion.cpp:151:14:[m[K [01;35m[Kwarning: [m[Kformat ‘[01m[K%d[m[K’ expects argument of type ‘[01m[Kint[m[K’, but argument 8 has type ‘[01m[Kstd::vector<std::pair<std::pair<double, double>, int> >::size_type[m[K’ {aka ‘[01m[Klong unsigned int[m[K’} [[01;35m[K-Wformat=[m[K]
  151 |     ROS_INFO([01;35m[K"Total Matches: %d"[m[K, [32m[Kmatched_pts.size()[m[K);
      |              [01;35m[K^~~~~~~~~~~~~~~~~~~[m[K  [32m[K~~~~~~~~~~~~~~~~~~[m[K
      |                                                   [32m[K|[m[K
      |                                                   [32m[Kstd::vector<std::pair<std::pair<double, double>, int> >::size_type {aka long unsigned int}[m[K
[01m[K/opt/ros/noetic/include/ros/console.h:351:165:[m[K [01;36m[Knote: [m[Kin definition of macro ‘[01m[KROSCONSOLE_PRINT_AT_LOCATION_WITH_FILTER[m[K’
  351 |     ::ros::console::print(filter, __rosconsole_define_location__loc.logger_, __rosconsole_define_location__loc.level_, __FILE__, __LINE__, __ROSCONSOLE_FUNCTION__, [01;36m[K__VA_ARGS__[m[K)
      |                                                                                                                                                                     [01;36m[K^~~~~~~~~~~[m[K
[01m[K/opt/ros/noetic/include/ros/console.h:390:7:[m[K [01;36m[Knote: [m[Kin expansion of macro ‘[01m[KROSCONSOLE_PRINT_AT_LOCATION[m[K’
  390 |       [01;36m[KROSCONSOLE_PRINT_AT_LOCATION[m[K(__VA_ARGS__); \
      |       [01;36m[K^~~~~~~~~~~~~~~~~~~~~~~~~~~~[m[K
[01m[K/opt/ros/noetic/include/ros/console.h:575:35:[m[K [01;36m[Knote: [m[Kin expansion of macro ‘[01m[KROS_LOG_COND[m[K’
  575 | #define ROS_LOG(level, name, ...) [01;36m[KROS_LOG_COND[m[K(true, level, name, __VA_ARGS__)
      |                                   [01;36m[K^~~~~~~~~~~~[m[K
[01m[K/opt/ros/noetic/include/rosconsole/macros_generated.h:110:23:[m[K [01;36m[Knote: [m[Kin expansion of macro ‘[01m[KROS_LOG[m[K’
  110 | #define ROS_INFO(...) [01;36m[KROS_LOG[m[K(::ros::console::levels::Info, ROSCONSOLE_DEFAULT_NAME, __VA_ARGS__)
      |                       [01;36m[K^~~~~~~[m[K
[01m[K/home/dl/vision_ws/src/camera_lidar_fusion/src/camera_lidar_fusion.cpp:151:5:[m[K [01;36m[Knote: [m[Kin expansion of macro ‘[01m[KROS_INFO[m[K’
  151 |     [01;36m[KROS_INFO[m[K("Total Matches: %d", matched_pts.size());
      |     [01;36m[K^~~~~~~~[m[K
[01m[K/home/dl/vision_ws/src/camera_lidar_fusion/src/camera_lidar_fusion.cpp:151:31:[m[K [01;36m[Knote: [m[Kformat string is defined here
  151 |     ROS_INFO("Total Matches: [01;36m[K%d[m[K", matched_pts.size());
      |                              [01;36m[K~^[m[K
      |                               [01;36m[K|[m[K
      |                               [01;36m[Kint[m[K
      |                              [32m[K%ld[m[K
