[01m[K/home/dl/vision_ws/src/camera_lidar_fusion/src/camera_lidar_fusion.cpp:[m[K In function ‘[01m[Kvoid calculate_dis()[m[K’:
[01m[K/home/dl/vision_ws/src/camera_lidar_fusion/src/camera_lidar_fusion.cpp:77:17:[m[K [01;31m[Kerror: [m[Kexpected ‘[01m[K;[m[K’ before ‘[01m[Kmatched_pts[m[K’
   77 |     marker_array
      |                 [01;31m[K^[m[K
      |                 [32m[K;[m[K
   78 |     [32m[Kmatched_pts[m[K.clear();
      |     [32m[K~~~~~~~~~~~[m[K  
[01m[K/home/dl/vision_ws/src/camera_lidar_fusion/src/camera_lidar_fusion.cpp:92:54:[m[K [01;31m[Kerror: [m[Kno matching function for call to ‘[01m[Kmax(int&, std::vector<std::pair<std::pair<double, double>, int> >::size_type)[m[K’
   92 |             maxid = std::max(maxid,matched_pts.size()[01;31m[K)[m[K;
      |                                                      [01;31m[K^[m[K
In file included from [01m[K/usr/include/c++/9/bits/char_traits.h:39[m[K,
                 from [01m[K/usr/include/c++/9/string:40[m[K,
                 from [01m[K/opt/ros/noetic/include/ros/platform.h:38[m[K,
                 from [01m[K/opt/ros/noetic/include/ros/time.h:53[m[K,
                 from [01m[K/opt/ros/noetic/include/ros/ros.h:38[m[K,
                 from [01m[K/home/dl/vision_ws/src/camera_lidar_fusion/src/camera_lidar_fusion.cpp:1[m[K:
[01m[K/usr/include/c++/9/bits/stl_algobase.h:222:5:[m[K [01;36m[Knote: [m[Kcandidate: ‘[01m[Ktemplate<class _Tp> constexpr const _Tp& std::max(const _Tp&, const _Tp&)[m[K’
  222 |     [01;36m[Kmax[m[K(const _Tp& __a, const _Tp& __b)
      |     [01;36m[K^~~[m[K
[01m[K/usr/include/c++/9/bits/stl_algobase.h:222:5:[m[K [01;36m[Knote: [m[K  template argument deduction/substitution failed:
[01m[K/home/dl/vision_ws/src/camera_lidar_fusion/src/camera_lidar_fusion.cpp:92:54:[m[K [01;36m[Knote: [m[K  deduced conflicting types for parameter ‘[01m[Kconst _Tp[m[K’ (‘[01m[Kint[m[K’ and ‘[01m[Kstd::vector<std::pair<std::pair<double, double>, int> >::size_type[m[K’ {aka ‘[01m[Klong unsigned int[m[K’})
   92 |             maxid = std::max(maxid,matched_pts.size()[01;36m[K)[m[K;
      |                                                      [01;36m[K^[m[K
In file included from [01m[K/usr/include/c++/9/bits/char_traits.h:39[m[K,
                 from [01m[K/usr/include/c++/9/string:40[m[K,
                 from [01m[K/opt/ros/noetic/include/ros/platform.h:38[m[K,
                 from [01m[K/opt/ros/noetic/include/ros/time.h:53[m[K,
                 from [01m[K/opt/ros/noetic/include/ros/ros.h:38[m[K,
                 from [01m[K/home/dl/vision_ws/src/camera_lidar_fusion/src/camera_lidar_fusion.cpp:1[m[K:
[01m[K/usr/include/c++/9/bits/stl_algobase.h:268:5:[m[K [01;36m[Knote: [m[Kcandidate: ‘[01m[Ktemplate<class _Tp, class _Compare> constexpr const _Tp& std::max(const _Tp&, const _Tp&, _Compare)[m[K’
  268 |     [01;36m[Kmax[m[K(const _Tp& __a, const _Tp& __b, _Compare __comp)
      |     [01;36m[K^~~[m[K
[01m[K/usr/include/c++/9/bits/stl_algobase.h:268:5:[m[K [01;36m[Knote: [m[K  template argument deduction/substitution failed:
[01m[K/home/dl/vision_ws/src/camera_lidar_fusion/src/camera_lidar_fusion.cpp:92:54:[m[K [01;36m[Knote: [m[K  deduced conflicting types for parameter ‘[01m[Kconst _Tp[m[K’ (‘[01m[Kint[m[K’ and ‘[01m[Kstd::vector<std::pair<std::pair<double, double>, int> >::size_type[m[K’ {aka ‘[01m[Klong unsigned int[m[K’})
   92 |             maxid = std::max(maxid,matched_pts.size()[01;36m[K)[m[K;
      |                                                      [01;36m[K^[m[K
In file included from [01m[K/usr/include/c++/9/algorithm:62[m[K,
                 from [01m[K/usr/include/boost/math/tools/config.hpp:18[m[K,
                 from [01m[K/usr/include/boost/math/special_functions/round.hpp:13[m[K,
                 from [01m[K/opt/ros/noetic/include/ros/time.h:58[m[K,
                 from [01m[K/opt/ros/noetic/include/ros/ros.h:38[m[K,
                 from [01m[K/home/dl/vision_ws/src/camera_lidar_fusion/src/camera_lidar_fusion.cpp:1[m[K:
[01m[K/usr/include/c++/9/bits/stl_algo.h:3462:5:[m[K [01;36m[Knote: [m[Kcandidate: ‘[01m[Ktemplate<class _Tp> constexpr _Tp std::max(std::initializer_list<_Tp>)[m[K’
 3462 |     [01;36m[Kmax[m[K(initializer_list<_Tp> __l)
      |     [01;36m[K^~~[m[K
[01m[K/usr/include/c++/9/bits/stl_algo.h:3462:5:[m[K [01;36m[Knote: [m[K  template argument deduction/substitution failed:
[01m[K/home/dl/vision_ws/src/camera_lidar_fusion/src/camera_lidar_fusion.cpp:92:54:[m[K [01;36m[Knote: [m[K  mismatched types ‘[01m[Kstd::initializer_list<_Tp>[m[K’ and ‘[01m[Kint[m[K’
   92 |             maxid = std::max(maxid,matched_pts.size()[01;36m[K)[m[K;
      |                                                      [01;36m[K^[m[K
In file included from [01m[K/usr/include/c++/9/algorithm:62[m[K,
                 from [01m[K/usr/include/boost/math/tools/config.hpp:18[m[K,
                 from [01m[K/usr/include/boost/math/special_functions/round.hpp:13[m[K,
                 from [01m[K/opt/ros/noetic/include/ros/time.h:58[m[K,
                 from [01m[K/opt/ros/noetic/include/ros/ros.h:38[m[K,
                 from [01m[K/home/dl/vision_ws/src/camera_lidar_fusion/src/camera_lidar_fusion.cpp:1[m[K:
[01m[K/usr/include/c++/9/bits/stl_algo.h:3468:5:[m[K [01;36m[Knote: [m[Kcandidate: ‘[01m[Ktemplate<class _Tp, class _Compare> constexpr _Tp std::max(std::initializer_list<_Tp>, _Compare)[m[K’
 3468 |     [01;36m[Kmax[m[K(initializer_list<_Tp> __l, _Compare __comp)
      |     [01;36m[K^~~[m[K
[01m[K/usr/include/c++/9/bits/stl_algo.h:3468:5:[m[K [01;36m[Knote: [m[K  template argument deduction/substitution failed:
[01m[K/home/dl/vision_ws/src/camera_lidar_fusion/src/camera_lidar_fusion.cpp:92:54:[m[K [01;36m[Knote: [m[K  mismatched types ‘[01m[Kstd::initializer_list<_Tp>[m[K’ and ‘[01m[Kint[m[K’
   92 |             maxid = std::max(maxid,matched_pts.size()[01;36m[K)[m[K;
      |                                                      [01;36m[K^[m[K
In file included from [01m[K/opt/ros/noetic/include/ros/ros.h:40[m[K,
                 from [01m[K/home/dl/vision_ws/src/camera_lidar_fusion/src/camera_lidar_fusion.cpp:1[m[K:
[01m[K/home/dl/vision_ws/src/camera_lidar_fusion/src/camera_lidar_fusion.cpp:[m[K In function ‘[01m[Kint main(int, char**)[m[K’:
[01m[K/home/dl/vision_ws/src/camera_lidar_fusion/src/camera_lidar_fusion.cpp:160:14:[m[K [01;35m[Kwarning: [m[Kformat ‘[01m[K%d[m[K’ expects argument of type ‘[01m[Kint[m[K’, but argument 8 has type ‘[01m[Kstd::vector<std::pair<std::pair<double, double>, int> >::size_type[m[K’ {aka ‘[01m[Klong unsigned int[m[K’} [[01;35m[K-Wformat=[m[K]
  160 |     ROS_INFO([01;35m[K"Total Matches: %d"[m[K, [32m[Kmatched_pts.size()[m[K);
      |              [01;35m[K^~~~~~~~~~~~~~~~~~~[m[K  [32m[K~~~~~~~~~~~~~~~~~~[m[K
      |                                                   [32m[K|[m[K
      |                                                   [32m[Kstd::vector<std::pair<std::pair<double, double>, int> >::size_type {aka long unsigned int}[m[K
[01m[K/opt/ros/noetic/include/ros/console.h:351:165:[m[K [01;36m[Knote: [m[Kin definition of macro ‘[01m[KROSCONSOLE_PRINT_AT_LOCATION_WITH_FILTER[m[K’
  351 |     ::ros::console::print(filter, __rosconsole_define_location__loc.logger_, __rosconsole_define_location__loc.level_, __FILE__, __LINE__, __ROSCONSOLE_FUNCTION__, [01;36m[K__VA_ARGS__[m[K)
      |                                                                                                                                                                     [01;36m[K^~~~~~~~~~~[m[K
[01m[K/opt/ros/noetic/include/ros/console.h:390:7:[m[K [01;36m[Knote: [m[Kin expansion of macro ‘[01m[KROSCONSOLE_PRINT_AT_LOCATION[m[K’
  390 |       [01;36m[KROSCONSOLE_PRINT_AT_LOCATION[m[K(__VA_ARGS__); \
      |       [01;36m[K^~~~~~~~~~~~~~~~~~~~~~~~~~~~[m[K
[01m[K/opt/ros/noetic/include/ros/console.h:575:35:[m[K [01;36m[Knote: [m[Kin expansion of macro ‘[01m[KROS_LOG_COND[m[K’
  575 | #define ROS_LOG(level, name, ...) [01;36m[KROS_LOG_COND[m[K(true, level, name, __VA_ARGS__)
      |                                   [01;36m[K^~~~~~~~~~~~[m[K
[01m[K/opt/ros/noetic/include/rosconsole/macros_generated.h:110:23:[m[K [01;36m[Knote: [m[Kin expansion of macro ‘[01m[KROS_LOG[m[K’
  110 | #define ROS_INFO(...) [01;36m[KROS_LOG[m[K(::ros::console::levels::Info, ROSCONSOLE_DEFAULT_NAME, __VA_ARGS__)
      |                       [01;36m[K^~~~~~~[m[K
[01m[K/home/dl/vision_ws/src/camera_lidar_fusion/src/camera_lidar_fusion.cpp:160:5:[m[K [01;36m[Knote: [m[Kin expansion of macro ‘[01m[KROS_INFO[m[K’
  160 |     [01;36m[KROS_INFO[m[K("Total Matches: %d", matched_pts.size());
      |     [01;36m[K^~~~~~~~[m[K
[01m[K/home/dl/vision_ws/src/camera_lidar_fusion/src/camera_lidar_fusion.cpp:160:31:[m[K [01;36m[Knote: [m[Kformat string is defined here
  160 |     ROS_INFO("Total Matches: [01;36m[K%d[m[K", matched_pts.size());
      |                              [01;36m[K~^[m[K
      |                               [01;36m[K|[m[K
      |                               [01;36m[Kint[m[K
      |                              [32m[K%ld[m[K
make[2]: *** [CMakeFiles/camera_lidar_fusion.dir/build.make:63: CMakeFiles/camera_lidar_fusion.dir/src/camera_lidar_fusion.cpp.o] Error 1
make[1]: *** [CMakeFiles/Makefile2:1296: CMakeFiles/camera_lidar_fusion.dir/all] Error 2
make: *** [Makefile:141: all] Error 2
