[36m--[0m Using CATKIN_DEVEL_PREFIX: /home/dl/vision_ws/devel/.private/yolo
[36m--[0m Using CMAKE_PREFIX_PATH: /home/dl/vision_ws/devel;/home/dl/catkin_ws/devel;/opt/ros/noetic
[36m--[0m This workspace overlays: /home/dl/vision_ws/devel;/home/dl/catkin_ws/devel;/opt/ros/noetic
[36m--[0m Found PythonInterp: /usr/bin/python3 (found suitable version "3.8.10", minimum required is "3")
[36m--[0m Using PYTHON_EXECUTABLE: /usr/bin/python3
[36m--[0m Using Debian Python package layout
[36m--[0m Using empy: /usr/lib/python3/dist-packages/em.py
[36m--[0m Using CATKIN_ENABLE_TESTING: ON
[36m--[0m Call enable_testing()
[36m--[0m Using CATKIN_TEST_RESULTS_DIR: /home/dl/vision_ws/build/yolo/test_results
[36m--[0m Forcing gtest/gmock from source, though one was otherwise available.
[36m--[0m Found gtest sources under '/usr/src/googletest': gtests will be built
[36m--[0m Found gmock sources under '/usr/src/googletest': gmock will be built
[36m--[0m Found PythonInterp: /usr/bin/python3 (found version "3.8.10")
[36m--[0m Using Python nosetests: /usr/bin/nosetests3
[36m--[0m catkin 0.8.10
[36m--[0m BUILD_SHARED_LIBS is on
[36m--[0m Using these message generators: gencpp;geneus;genlisp;gennodejs;genpy
[36m--[0m yolo: 1 messages, 0 services
[36m--[0m Installing devel-space wrapper /home/dl/vision_ws/src/fs-racing-yolo/src/yolo/src/yolo-trans_3D_to_2D.py to /home/dl/vision_ws/devel/.private/yolo/lib/yolo
[36m--[0m Configuring done
[31m[1mCMake Error[0m at /home/dl/vision_ws/src/fs-racing-yolo/src/yolo/CMakeLists.txt:204 (add_executable):
  Cannot find source file:

    src/LTS_v2.cpp

  Tried extensions .c .C .c++ .cc .cpp .cxx .cu .m .M .mm .h .hh .h++ .hm
  .hpp .hxx .in .txx


[31m[1mCMake Error[0m at /home/dl/vision_ws/src/fs-racing-yolo/src/yolo/CMakeLists.txt:204 (add_executable):
  No SOURCES given to target: LTS_v2


CMake Generate step failed.  Build files cannot be regenerated correctly.
make: *** [Makefile:1276: cmake_check_build_system] Error 1
