Linked: (/home/dl/vision_ws/devel/.private/yolo/share/yolo/cmake/yolo-msg-extras.cmake, /home/dl/vision_ws/devel/share/yolo/cmake/yolo-msg-extras.cmake)
Linked: (/home/dl/vision_ws/devel/.private/yolo/share/yolo/cmake/yoloConfig.cmake, /home/dl/vision_ws/devel/share/yolo/cmake/yoloConfig.cmake)
Linked: (/home/dl/vision_ws/devel/.private/yolo/share/yolo/cmake/yolo-msg-paths.cmake, /home/dl/vision_ws/devel/share/yolo/cmake/yolo-msg-paths.cmake)
Linked: (/home/dl/vision_ws/devel/.private/yolo/share/yolo/cmake/yoloConfig-version.cmake, /home/dl/vision_ws/devel/share/yolo/cmake/yoloConfig-version.cmake)
Linked: (/home/dl/vision_ws/devel/.private/yolo/share/gennodejs/ros/yolo/_index.js, /home/dl/vision_ws/devel/share/gennodejs/ros/yolo/_index.js)
Linked: (/home/dl/vision_ws/devel/.private/yolo/share/gennodejs/ros/yolo/msg/LabeledPointArray.js, /home/dl/vision_ws/devel/share/gennodejs/ros/yolo/msg/LabeledPointArray.js)
Linked: (/home/dl/vision_ws/devel/.private/yolo/share/gennodejs/ros/yolo/msg/_index.js, /home/dl/vision_ws/devel/share/gennodejs/ros/yolo/msg/_index.js)
Linked: (/home/dl/vision_ws/devel/.private/yolo/share/roseus/ros/yolo/manifest.l, /home/dl/vision_ws/devel/share/roseus/ros/yolo/manifest.l)
Linked: (/home/dl/vision_ws/devel/.private/yolo/share/roseus/ros/yolo/msg/LabeledPointArray.l, /home/dl/vision_ws/devel/share/roseus/ros/yolo/msg/LabeledPointArray.l)
Linked: (/home/dl/vision_ws/devel/.private/yolo/share/common-lisp/ros/yolo/msg/LabeledPointArray.lisp, /home/dl/vision_ws/devel/share/common-lisp/ros/yolo/msg/LabeledPointArray.lisp)
Linked: (/home/dl/vision_ws/devel/.private/yolo/share/common-lisp/ros/yolo/msg/yolo-msg.asd, /home/dl/vision_ws/devel/share/common-lisp/ros/yolo/msg/yolo-msg.asd)
Linked: (/home/dl/vision_ws/devel/.private/yolo/share/common-lisp/ros/yolo/msg/_package_LabeledPointArray.lisp, /home/dl/vision_ws/devel/share/common-lisp/ros/yolo/msg/_package_LabeledPointArray.lisp)
Linked: (/home/dl/vision_ws/devel/.private/yolo/share/common-lisp/ros/yolo/msg/_package.lisp, /home/dl/vision_ws/devel/share/common-lisp/ros/yolo/msg/_package.lisp)
Linked: (/home/dl/vision_ws/devel/.private/yolo/include/yolo/LabeledPointArray.h, /home/dl/vision_ws/devel/include/yolo/LabeledPointArray.h)
Linked: (/home/dl/vision_ws/devel/.private/yolo/lib/python3/dist-packages/yolo/__init__.py, /home/dl/vision_ws/devel/lib/python3/dist-packages/yolo/__init__.py)
Linked: (/home/dl/vision_ws/devel/.private/yolo/lib/python3/dist-packages/yolo/msg/__init__.py, /home/dl/vision_ws/devel/lib/python3/dist-packages/yolo/msg/__init__.py)
Linked: (/home/dl/vision_ws/devel/.private/yolo/lib/python3/dist-packages/yolo/msg/_LabeledPointArray.py, /home/dl/vision_ws/devel/lib/python3/dist-packages/yolo/msg/_LabeledPointArray.py)
Symlinking /home/dl/vision_ws/devel/lib/yolo/yolo-trans_3D_to_2D.py
Linked: (/home/dl/vision_ws/devel/.private/yolo/lib/yolo/cone_marker, /home/dl/vision_ws/devel/lib/yolo/cone_marker)
Symlinking /home/dl/vision_ws/devel/lib/yolo/cmake.lock
Linked: (/home/dl/vision_ws/devel/.private/yolo/lib/yolo/tf_broadcaster, /home/dl/vision_ws/devel/lib/yolo/tf_broadcaster)
Linked: (/home/dl/vision_ws/devel/.private/yolo/lib/pkgconfig/yolo.pc, /home/dl/vision_ws/devel/lib/pkgconfig/yolo.pc)
