Symlinking /home/dl/vision_ws/devel/share/yolo/cmake/yolo-msg-extras.cmake
Symlinking /home/dl/vision_ws/devel/share/yolo/cmake/yoloConfig.cmake
Symlinking /home/dl/vision_ws/devel/share/yolo/cmake/yolo-msg-paths.cmake
Symlinking /home/dl/vision_ws/devel/share/yolo/cmake/yoloConfig-version.cmake
Symlinking /home/dl/vision_ws/devel/share/gennodejs/ros/yolo/_index.js
Symlinking /home/dl/vision_ws/devel/share/gennodejs/ros/yolo/msg/LabeledPointArray.js
Symlinking /home/dl/vision_ws/devel/share/gennodejs/ros/yolo/msg/_index.js
Symlinking /home/dl/vision_ws/devel/share/roseus/ros/yolo/manifest.l
Symlinking /home/dl/vision_ws/devel/share/roseus/ros/yolo/msg/LabeledPointArray.l
Symlinking /home/dl/vision_ws/devel/share/common-lisp/ros/yolo/msg/LabeledPointArray.lisp
Symlinking /home/dl/vision_ws/devel/share/common-lisp/ros/yolo/msg/yolo-msg.asd
Symlinking /home/dl/vision_ws/devel/share/common-lisp/ros/yolo/msg/_package_LabeledPointArray.lisp
Symlinking /home/dl/vision_ws/devel/share/common-lisp/ros/yolo/msg/_package.lisp
Symlinking /home/dl/vision_ws/devel/include/yolo/LabeledPointArray.h
Symlinking /home/dl/vision_ws/devel/lib/python3/dist-packages/yolo/__init__.py
Symlinking /home/dl/vision_ws/devel/lib/python3/dist-packages/yolo/msg/__init__.py
Symlinking /home/dl/vision_ws/devel/lib/python3/dist-packages/yolo/msg/_LabeledPointArray.py
Symlinking /home/dl/vision_ws/devel/lib/yolo/cone_marker
Symlinking /home/dl/vision_ws/devel/lib/yolo/tf_broadcaster
Symlinking /home/dl/vision_ws/devel/lib/pkgconfig/yolo.pc
