[36m--[0m Using CATKIN_DEVEL_PREFIX: /home/dl/vision_ws/devel/.private/yolo
[36m--[0m Using CMAKE_PREFIX_PATH: /home/dl/vision_ws/devel;/opt/ros/noetic
[36m--[0m This workspace overlays: /home/dl/vision_ws/devel;/opt/ros/noetic
[36m--[0m Found PythonInterp: /usr/bin/python3 (found suitable version "3.8.10", minimum required is "3")
[36m--[0m Using PYTHON_EXECUTABLE: /usr/bin/python3
[36m--[0m Using Debian Python package layout
[36m--[0m Using empy: /usr/lib/python3/dist-packages/em.py
[36m--[0m Using CATKIN_ENABLE_TESTING: ON
[36m--[0m Call enable_testing()
[36m--[0m Using CATKIN_TEST_RESULTS_DIR: /home/dl/vision_ws/build/yolo/test_results
[36m--[0m Forcing gtest/gmock from source, though one was otherwise available.
[36m--[0m Found gtest sources under '/usr/src/googletest': gtests will be built
[36m--[0m Found gmock sources under '/usr/src/googletest': gmock will be built
[36m--[0m Found PythonInterp: /usr/bin/python3 (found version "3.8.10")
[36m--[0m Using Python nosetests: /usr/bin/nosetests3
[36m--[0m catkin 0.8.10
[36m--[0m BUILD_SHARED_LIBS is on
[36m--[0m Using these message generators: gencpp;geneus;genlisp;gennodejs;genpy
[36m--[0m yolo: 1 messages, 0 services
[36m--[0m Installing devel-space wrapper /home/dl/vision_ws/src/fs-racing-yolo/src/yolo/src/yolo-trans_3D_to_2D.py to /home/dl/vision_ws/devel/.private/yolo/lib/yolo
[36m--[0m Installing devel-space wrapper /home/dl/vision_ws/src/fs-racing-yolo/src/yolo/src/yolo_dual.py to /home/dl/vision_ws/devel/.private/yolo/lib/yolo
[36m--[0m Installing devel-space wrapper /home/dl/vision_ws/src/fs-racing-yolo/src/yolo/src/yolo_left_test.py to /home/dl/vision_ws/devel/.private/yolo/lib/yolo
[36m--[0m Configuring done
[36m--[0m Generating done
[36m--[0m Build files have been written to: /home/dl/vision_ws/build/yolo
