[35m[1mScanning dependencies of target conditional_removel[0m
[  0%] Built target std_msgs_generate_messages_lisp
[  0%] Built target std_msgs_generate_messages_py
[  5%] [32mBuilding CXX object CMakeFiles/conditional_removel.dir/src/conditional_removel.cpp.o[0m
[ 16%] Built target cone_legality_verification
[ 16%] Built target std_msgs_generate_messages_eus
[ 16%] Built target std_msgs_generate_messages_nodejs
[ 16%] Built target std_msgs_generate_messages_cpp
[ 16%] Built target _cone_detection_generate_messages_check_deps_LabeledPointArray
[ 27%] Built target euclidean_clustering
[ 38%] Built target reconstructed_cone
[ 50%] Built target downsampling
[ 61%] Built target dbscan
[ 77%] Built target cone_detection_generate_messages_lisp
[ 77%] Built target cone_detection_generate_messages_py
[ 94%] Built target cone_detection_generate_messages_nodejs
[ 94%] Built target cone_detection_generate_messages_eus
[ 94%] Built target cone_detection_generate_messages_cpp
[ 94%] Built target cone_detection_generate_messages
[100%] [32m[1mLinking CXX executable /home/dl/vision_ws/devel/.private/cone_detection/lib/cone_detection/conditional_removel[0m
[100%] Built target conditional_removel
