[  0%] Built target std_msgs_generate_messages_lisp
[  5%] [32mBuilding CXX object CMakeFiles/cone_legality_verification.dir/src/cone_legality_verification.cpp.o[0m
[ 17%] Built target conditional_removel
[ 17%] Built target std_msgs_generate_messages_py
[ 17%] Built target _cone_detection_generate_messages_check_deps_LabeledPointArray
[ 17%] Built target std_msgs_generate_messages_nodejs
[ 17%] Built target std_msgs_generate_messages_eus
[ 17%] Built target std_msgs_generate_messages_cpp
[ 29%] Built target euclidean_clustering
[ 41%] Built target reconstructed_cone
[ 52%] Built target downsampling
[ 58%] Built target cone_detection_generate_messages_lisp
[ 70%] Built target cone_detection_generate_messages_py
[ 76%] Built target cone_detection_generate_messages_nodejs
[ 88%] Built target cone_detection_generate_messages_eus
[ 94%] Built target cone_detection_generate_messages_cpp
[ 94%] Built target cone_detection_generate_messages
[01m[K/home/dl/vision_ws/src/cone_detection/src/cone_legality_verification.cpp:14:10:[m[K [01;31m[Kfatal error: [m[KLabeledPointArray.h: No such file or directory
   14 | #include [01;31m[K"LabeledPointArray.h"[m[K
      |          [01;31m[K^~~~~~~~~~~~~~~~~~~~~[m[K
compilation terminated.
make[2]: *** [CMakeFiles/cone_legality_verification.dir/build.make:63: CMakeFiles/cone_legality_verification.dir/src/cone_legality_verification.cpp.o] Error 1
make[1]: *** [CMakeFiles/Makefile2:244: CMakeFiles/cone_legality_verification.dir/all] Error 2
make: *** [Makefile:141: all] Error 2
