Symlinking /home/dl/vision_ws/devel/share/gennodejs/ros/cone_detection/_index.js
Symlinking /home/dl/vision_ws/devel/share/gennodejs/ros/cone_detection/msg/LabeledPointArray.js
Symlinking /home/dl/vision_ws/devel/share/gennodejs/ros/cone_detection/msg/_index.js
Symlinking /home/dl/vision_ws/devel/share/cone_detection/cmake/cone_detectionConfig.cmake
Symlinking /home/dl/vision_ws/devel/share/cone_detection/cmake/cone_detectionConfig-version.cmake
Symlinking /home/dl/vision_ws/devel/share/cone_detection/cmake/cone_detection-msg-extras.cmake
Symlinking /home/dl/vision_ws/devel/share/cone_detection/cmake/cone_detection-msg-paths.cmake
Symlinking /home/dl/vision_ws/devel/share/roseus/ros/cone_detection/manifest.l
Symlinking /home/dl/vision_ws/devel/share/roseus/ros/cone_detection/msg/LabeledPointArray.l
Symlinking /home/dl/vision_ws/devel/share/common-lisp/ros/cone_detection/msg/cone_detection-msg.asd
Symlinking /home/dl/vision_ws/devel/share/common-lisp/ros/cone_detection/msg/LabeledPointArray.lisp
Symlinking /home/dl/vision_ws/devel/share/common-lisp/ros/cone_detection/msg/_package_LabeledPointArray.lisp
Symlinking /home/dl/vision_ws/devel/share/common-lisp/ros/cone_detection/msg/_package.lisp
Symlinking /home/dl/vision_ws/devel/include/cone_detection/LabeledPointArray.h
Symlinking /home/dl/vision_ws/devel/lib/python3/dist-packages/cone_detection/__init__.py
Symlinking /home/dl/vision_ws/devel/lib/python3/dist-packages/cone_detection/msg/__init__.py
Symlinking /home/dl/vision_ws/devel/lib/python3/dist-packages/cone_detection/msg/_LabeledPointArray.py
Symlinking /home/dl/vision_ws/devel/lib/pkgconfig/cone_detection.pc
Symlinking /home/dl/vision_ws/devel/lib/cone_detection/cone_legality_verification
Symlinking /home/dl/vision_ws/devel/lib/cone_detection/euclidean_clustering
Symlinking /home/dl/vision_ws/devel/lib/cone_detection/reconstructed_cone
Symlinking /home/dl/vision_ws/devel/lib/cone_detection/conditional_removel
Symlinking /home/dl/vision_ws/devel/lib/cone_detection/downsampling
