Linked: (/home/dl/vision_ws/devel/.private/cone_detection/share/gennodejs/ros/cone_detection/_index.js, /home/dl/vision_ws/devel/share/gennodejs/ros/cone_detection/_index.js)
Linked: (/home/dl/vision_ws/devel/.private/cone_detection/share/gennodejs/ros/cone_detection/msg/LabeledPointArray.js, /home/dl/vision_ws/devel/share/gennodejs/ros/cone_detection/msg/LabeledPointArray.js)
Linked: (/home/dl/vision_ws/devel/.private/cone_detection/share/gennodejs/ros/cone_detection/msg/_index.js, /home/dl/vision_ws/devel/share/gennodejs/ros/cone_detection/msg/_index.js)
Linked: (/home/dl/vision_ws/devel/.private/cone_detection/share/cone_detection/cmake/cone_detectionConfig.cmake, /home/dl/vision_ws/devel/share/cone_detection/cmake/cone_detectionConfig.cmake)
Linked: (/home/dl/vision_ws/devel/.private/cone_detection/share/cone_detection/cmake/cone_detectionConfig-version.cmake, /home/dl/vision_ws/devel/share/cone_detection/cmake/cone_detectionConfig-version.cmake)
Linked: (/home/dl/vision_ws/devel/.private/cone_detection/share/cone_detection/cmake/cone_detection-msg-extras.cmake, /home/dl/vision_ws/devel/share/cone_detection/cmake/cone_detection-msg-extras.cmake)
Linked: (/home/dl/vision_ws/devel/.private/cone_detection/share/cone_detection/cmake/cone_detection-msg-paths.cmake, /home/dl/vision_ws/devel/share/cone_detection/cmake/cone_detection-msg-paths.cmake)
Linked: (/home/dl/vision_ws/devel/.private/cone_detection/share/roseus/ros/cone_detection/manifest.l, /home/dl/vision_ws/devel/share/roseus/ros/cone_detection/manifest.l)
Linked: (/home/dl/vision_ws/devel/.private/cone_detection/share/roseus/ros/cone_detection/msg/LabeledPointArray.l, /home/dl/vision_ws/devel/share/roseus/ros/cone_detection/msg/LabeledPointArray.l)
Linked: (/home/dl/vision_ws/devel/.private/cone_detection/share/common-lisp/ros/cone_detection/msg/cone_detection-msg.asd, /home/dl/vision_ws/devel/share/common-lisp/ros/cone_detection/msg/cone_detection-msg.asd)
Linked: (/home/dl/vision_ws/devel/.private/cone_detection/share/common-lisp/ros/cone_detection/msg/LabeledPointArray.lisp, /home/dl/vision_ws/devel/share/common-lisp/ros/cone_detection/msg/LabeledPointArray.lisp)
Linked: (/home/dl/vision_ws/devel/.private/cone_detection/share/common-lisp/ros/cone_detection/msg/_package_LabeledPointArray.lisp, /home/dl/vision_ws/devel/share/common-lisp/ros/cone_detection/msg/_package_LabeledPointArray.lisp)
Linked: (/home/dl/vision_ws/devel/.private/cone_detection/share/common-lisp/ros/cone_detection/msg/_package.lisp, /home/dl/vision_ws/devel/share/common-lisp/ros/cone_detection/msg/_package.lisp)
Linked: (/home/dl/vision_ws/devel/.private/cone_detection/include/cone_detection/LabeledPointArray.h, /home/dl/vision_ws/devel/include/cone_detection/LabeledPointArray.h)
Linked: (/home/dl/vision_ws/devel/.private/cone_detection/lib/python3/dist-packages/cone_detection/__init__.py, /home/dl/vision_ws/devel/lib/python3/dist-packages/cone_detection/__init__.py)
Linked: (/home/dl/vision_ws/devel/.private/cone_detection/lib/python3/dist-packages/cone_detection/msg/__init__.py, /home/dl/vision_ws/devel/lib/python3/dist-packages/cone_detection/msg/__init__.py)
Linked: (/home/dl/vision_ws/devel/.private/cone_detection/lib/python3/dist-packages/cone_detection/msg/_LabeledPointArray.py, /home/dl/vision_ws/devel/lib/python3/dist-packages/cone_detection/msg/_LabeledPointArray.py)
Linked: (/home/dl/vision_ws/devel/.private/cone_detection/lib/pkgconfig/cone_detection.pc, /home/dl/vision_ws/devel/lib/pkgconfig/cone_detection.pc)
Linked: (/home/dl/vision_ws/devel/.private/cone_detection/lib/cone_detection/cone_legality_verification, /home/dl/vision_ws/devel/lib/cone_detection/cone_legality_verification)
Linked: (/home/dl/vision_ws/devel/.private/cone_detection/lib/cone_detection/euclidean_clustering, /home/dl/vision_ws/devel/lib/cone_detection/euclidean_clustering)
Linked: (/home/dl/vision_ws/devel/.private/cone_detection/lib/cone_detection/pointcloud_angle_rotation, /home/dl/vision_ws/devel/lib/cone_detection/pointcloud_angle_rotation)
Linked: (/home/dl/vision_ws/devel/.private/cone_detection/lib/cone_detection/reconstructed_cone, /home/dl/vision_ws/devel/lib/cone_detection/reconstructed_cone)
Linked: (/home/dl/vision_ws/devel/.private/cone_detection/lib/cone_detection/conditional_removel, /home/dl/vision_ws/devel/lib/cone_detection/conditional_removel)
Linked: (/home/dl/vision_ws/devel/.private/cone_detection/lib/cone_detection/dbscan, /home/dl/vision_ws/devel/lib/cone_detection/dbscan)
Linked: (/home/dl/vision_ws/devel/.private/cone_detection/lib/cone_detection/downsampling, /home/dl/vision_ws/devel/lib/cone_detection/downsampling)
