[35m[1mScanning dependencies of target std_msgs_generate_messages_nodejs[0m
[35m[1mScanning dependencies of target std_msgs_generate_messages_lisp[0m
[35m[1mScanning dependencies of target _cone_detection_generate_messages_check_deps_LabeledPointArray[0m
[35m[1mScanning dependencies of target std_msgs_generate_messages_py[0m
[35m[1mScanning dependencies of target reconstructed_cone[0m
[35m[1mScanning dependencies of target conditional_removel[0m
[35m[1mScanning dependencies of target std_msgs_generate_messages_cpp[0m
[35m[1mScanning dependencies of target cone_legality_verification[0m
[35m[1mScanning dependencies of target euclidean_clustering[0m
[35m[1mScanning dependencies of target std_msgs_generate_messages_eus[0m
[35m[1mScanning dependencies of target downsampling[0m
[  0%] Built target std_msgs_generate_messages_nodejs
[  0%] Built target std_msgs_generate_messages_lisp
[  0%] Built target std_msgs_generate_messages_py
[  0%] Built target std_msgs_generate_messages_cpp
[  0%] Built target std_msgs_generate_messages_eus
[  5%] [32mBuilding CXX object CMakeFiles/conditional_removel.dir/src/conditional_removel.cpp.o[0m
[  5%] Built target _cone_detection_generate_messages_check_deps_LabeledPointArray
[ 11%] [32mBuilding CXX object CMakeFiles/euclidean_clustering.dir/src/euclidean_clustering.cpp.o[0m
[35m[1mScanning dependencies of target cone_detection_generate_messages_eus[0m
[35m[1mScanning dependencies of target cone_detection_generate_messages_py[0m
[35m[1mScanning dependencies of target cone_detection_generate_messages_cpp[0m
[35m[1mScanning dependencies of target cone_detection_generate_messages_lisp[0m
[35m[1mScanning dependencies of target cone_detection_generate_messages_nodejs[0m
[ 17%] [34m[1mGenerating EusLisp code from cone_detection/LabeledPointArray.msg[0m
[ 23%] [34m[1mGenerating Python from MSG cone_detection/LabeledPointArray[0m
[ 29%] [34m[1mGenerating C++ code from cone_detection/LabeledPointArray.msg[0m
[ 35%] [32mBuilding CXX object CMakeFiles/reconstructed_cone.dir/src/reconstructed_cone.cpp.o[0m
[ 41%] [32mBuilding CXX object CMakeFiles/cone_legality_verification.dir/src/cone_legality_verification.cpp.o[0m
[ 47%] [32mBuilding CXX object CMakeFiles/downsampling.dir/src/downsampling.cpp.o[0m
[ 52%] [34m[1mGenerating EusLisp manifest code for cone_detection[0m
[ 58%] [34m[1mGenerating Lisp code from cone_detection/LabeledPointArray.msg[0m
[ 64%] [34m[1mGenerating Javascript code from cone_detection/LabeledPointArray.msg[0m
[ 64%] Built target cone_detection_generate_messages_lisp
[ 64%] Built target cone_detection_generate_messages_nodejs
[ 70%] [34m[1mGenerating Python msg __init__.py for cone_detection[0m
[ 70%] Built target cone_detection_generate_messages_cpp
[ 70%] Built target cone_detection_generate_messages_py
[ 70%] Built target cone_detection_generate_messages_eus
[35m[1mScanning dependencies of target cone_detection_generate_messages[0m
[ 70%] Built target cone_detection_generate_messages
[01m[K/home/dl/vision_ws/src/cone_detection/src/cone_legality_verification.cpp:14:10:[m[K [01;31m[Kfatal error: [m[Kpcl_ros_tutorial/LabeledPointArray.h: No such file or directory
   14 | #include [01;31m[K"pcl_ros_tutorial/LabeledPointArray.h"[m[K
      |          [01;31m[K^~~~~~~~~~~~~~~~~~~~~~~~~~~~~~~~~~~~~~[m[K
compilation terminated.
make[2]: *** [CMakeFiles/cone_legality_verification.dir/build.make:63: CMakeFiles/cone_legality_verification.dir/src/cone_legality_verification.cpp.o] Error 1
make[1]: *** [CMakeFiles/Makefile2:244: CMakeFiles/cone_legality_verification.dir/all] Error 2
make[1]: *** Waiting for unfinished jobs....
[ 76%] [32m[1mLinking CXX executable /home/dl/vision_ws/devel/.private/cone_detection/lib/cone_detection/downsampling[0m
[ 76%] Built target downsampling
[ 82%] [32m[1mLinking CXX executable /home/dl/vision_ws/devel/.private/cone_detection/lib/cone_detection/conditional_removel[0m
[ 88%] [32m[1mLinking CXX executable /home/dl/vision_ws/devel/.private/cone_detection/lib/cone_detection/reconstructed_cone[0m
[ 94%] [32m[1mLinking CXX executable /home/dl/vision_ws/devel/.private/cone_detection/lib/cone_detection/euclidean_clustering[0m
[ 94%] Built target conditional_removel
[ 94%] Built target reconstructed_cone
[ 94%] Built target euclidean_clustering
make: *** [Makefile:141: all] Error 2
